0 info it worked if it ends with ok
1 verbose cli [ '/usr/bin/nodejs',
1 verbose cli   '/usr/bin/npm',
1 verbose cli   'install',
1 verbose cli   '--global',
1 verbose cli   'generator-node' ]
2 info using npm@2.15.5
3 info using node@v4.4.6
4 verbose install initial load of /usr/lib/package.json
5 verbose readDependencies loading dependencies from /usr/lib/package.json
6 silly cache add args [ 'generator-node', null ]
7 verbose cache add spec generator-node
8 silly cache add parsed spec Result {
8 silly cache add   raw: 'generator-node',
8 silly cache add   scope: null,
8 silly cache add   name: 'generator-node',
8 silly cache add   rawSpec: '',
8 silly cache add   spec: 'latest',
8 silly cache add   type: 'tag' }
9 silly addNamed generator-node@latest
10 verbose addNamed "latest" is being treated as a dist-tag for generator-node
11 info addNameTag [ 'generator-node', 'latest' ]
12 silly mapToRegistry name generator-node
13 silly mapToRegistry using default registry
14 silly mapToRegistry registry https://registry.npmjs.org/
15 silly mapToRegistry data Result {
15 silly mapToRegistry   raw: 'generator-node',
15 silly mapToRegistry   scope: null,
15 silly mapToRegistry   name: 'generator-node',
15 silly mapToRegistry   rawSpec: '',
15 silly mapToRegistry   spec: 'latest',
15 silly mapToRegistry   type: 'tag' }
16 silly mapToRegistry uri https://registry.npmjs.org/generator-node
17 verbose addNameTag registry:https://registry.npmjs.org/generator-node not in flight; fetching
18 verbose request uri https://registry.npmjs.org/generator-node
19 verbose request no auth needed
20 info attempt registry request try #1 at 10:08:50
21 verbose request id 03f82ab910c6c6d9
22 http request GET https://registry.npmjs.org/generator-node
23 http 200 https://registry.npmjs.org/generator-node
24 verbose headers { age: '0',
24 verbose headers   via: '1.1 varnish',
24 verbose headers   date: 'Tue, 20 Dec 2016 12:08:53 GMT',
24 verbose headers   etag: 'W/"580f15c9-14089"',
24 verbose headers   server: 'nginx/1.10.1',
24 verbose headers   'x-cache': 'MISS',
24 verbose headers   'x-timer': 'S1482235733.285176,VS0,VE183',
24 verbose headers   connection: 'Close',
24 verbose headers   'x-served-by': 'cache-gru7127-GRU',
24 verbose headers   'content-type': 'application/json',
24 verbose headers   'x-cache-hits': '0',
24 verbose headers   'accept-ranges': 'bytes',
24 verbose headers   'cache-control': 'max-age=300',
24 verbose headers   'last-modified': 'Tue, 25 Oct 2016 08:20:25 GMT',
24 verbose headers   'transfer-encoding': 'chunked' }
25 silly get cb [ 200,
25 silly get   { age: '0',
25 silly get     via: '1.1 varnish',
25 silly get     date: 'Tue, 20 Dec 2016 12:08:53 GMT',
25 silly get     etag: 'W/"580f15c9-14089"',
25 silly get     server: 'nginx/1.10.1',
25 silly get     'x-cache': 'MISS',
25 silly get     'x-timer': 'S1482235733.285176,VS0,VE183',
25 silly get     connection: 'Close',
25 silly get     'x-served-by': 'cache-gru7127-GRU',
25 silly get     'content-type': 'application/json',
25 silly get     'x-cache-hits': '0',
25 silly get     'accept-ranges': 'bytes',
25 silly get     'cache-control': 'max-age=300',
25 silly get     'last-modified': 'Tue, 25 Oct 2016 08:20:25 GMT',
25 silly get     'transfer-encoding': 'chunked' } ]
26 verbose get saving generator-node to /home/pedro/.npm/registry.npmjs.org/generator-node/.cache.json
27 verbose correctMkdir /home/pedro/.npm correctMkdir not in flight; initializing
28 silly addNameTag next cb for generator-node with tag latest
29 silly addNamed generator-node@1.12.1
30 verbose addNamed "1.12.1" is a plain semver version for generator-node
31 silly mapToRegistry name generator-node
32 silly mapToRegistry using default registry
33 silly mapToRegistry registry https://registry.npmjs.org/
34 silly mapToRegistry data Result {
34 silly mapToRegistry   raw: 'generator-node',
34 silly mapToRegistry   scope: null,
34 silly mapToRegistry   name: 'generator-node',
34 silly mapToRegistry   rawSpec: '',
34 silly mapToRegistry   spec: 'latest',
34 silly mapToRegistry   type: 'tag' }
35 silly mapToRegistry uri https://registry.npmjs.org/generator-node
36 verbose addRemoteTarball https://registry.npmjs.org/generator-node/-/generator-node-1.12.1.tgz not in flight; adding
37 verbose addRemoteTarball [ 'https://registry.npmjs.org/generator-node/-/generator-node-1.12.1.tgz',
37 verbose addRemoteTarball   'b7b43a6fc7552aa06cd85aed848a601f94ef5a65' ]
38 info retry fetch attempt 1 at 10:08:50
39 info attempt registry request try #1 at 10:08:50
40 http fetch GET https://registry.npmjs.org/generator-node/-/generator-node-1.12.1.tgz
41 http fetch 200 https://registry.npmjs.org/generator-node/-/generator-node-1.12.1.tgz
42 silly fetchAndShaCheck shasum b7b43a6fc7552aa06cd85aed848a601f94ef5a65
43 verbose addTmpTarball /tmp/npm-3640-e12d9bd2/registry.npmjs.org/generator-node/-/generator-node-1.12.1.tgz not in flight; adding
44 verbose addTmpTarball already have metadata; skipping unpack for generator-node@1.12.1
45 verbose correctMkdir /home/pedro/.npm correctMkdir not in flight; initializing
46 silly cache afterAdd generator-node@1.12.1
47 verbose afterAdd /home/pedro/.npm/generator-node/1.12.1/package/package.json not in flight; writing
48 verbose correctMkdir /home/pedro/.npm correctMkdir not in flight; initializing
49 verbose afterAdd /home/pedro/.npm/generator-node/1.12.1/package/package.json written
50 silly install resolved [ { name: 'generator-node',
50 silly install resolved     version: '1.12.1',
50 silly install resolved     main: 'index.js',
50 silly install resolved     description: 'Create a Node.js module',
50 silly install resolved     homepage: 'https://github.com/yeoman/generator-node',
50 silly install resolved     keywords: [ 'yeoman-generator', 'scaffold', 'node', 'module', 'cli' ],
50 silly install resolved     author: { name: 'Yeoman team' },
50 silly install resolved     repository:
50 silly install resolved      { type: 'git',
50 silly install resolved        url: 'git+https://github.com/yeoman/generator-node.git' },
50 silly install resolved     scripts: { test: 'gulp', prepublish: 'gulp prepublish' },
50 silly install resolved     dependencies:
50 silly install resolved      { 'generator-license': '^4.0.0',
50 silly install resolved        'generator-travis': '^1.1.3',
50 silly install resolved        'git-remote-origin-url': '^2.0.0',
50 silly install resolved        'github-username': '^3.0.0',
50 silly install resolved        'inquirer-npm-name': '^2.0.0',
50 silly install resolved        lodash: '^4.3.0',
50 silly install resolved        'parse-author': '^1.0.0',
50 silly install resolved        'yeoman-generator': '^0.24.1' },
50 silly install resolved     devDependencies:
50 silly install resolved      { eslint: '^3.8.1',
50 silly install resolved        'eslint-config-xo': '^0.17.0',
50 silly install resolved        'eslint-config-xo-space': '^0.15.0',
50 silly install resolved        gulp: '^3.9.0',
50 silly install resolved        'gulp-eslint': '^3.0.1',
50 silly install resolved        'gulp-exclude-gitignore': '^1.0.0',
50 silly install resolved        'gulp-istanbul': '^1.1.1',
50 silly install resolved        'gulp-mocha': '^3.0.1',
50 silly install resolved        'gulp-nsp': '^2.1.0',
50 silly install resolved        'gulp-plumber': '^1.0.0',
50 silly install resolved        mocha: '^3.1.2',
50 silly install resolved        mockery: '^2.0.0',
50 silly install resolved        'pinkie-promise': '^2.0.1',
50 silly install resolved        'yeoman-assert': '^2.0.0',
50 silly install resolved        'yeoman-test': '^1.0.0' },
50 silly install resolved     eslintConfig: { extends: 'xo-space', env: [Object] },
50 silly install resolved     files: [ 'index.js', 'generators' ],
50 silly install resolved     license: 'MIT',
50 silly install resolved     gitHead: 'ebc04810e6330cf1b1ad8aebd785886ea27adcd9',
50 silly install resolved     bugs: { url: 'https://github.com/yeoman/generator-node/issues' },
50 silly install resolved     _id: 'generator-node@1.12.1',
50 silly install resolved     _shasum: 'b7b43a6fc7552aa06cd85aed848a601f94ef5a65',
50 silly install resolved     _from: 'generator-node@latest',
50 silly install resolved     _npmVersion: '3.10.8',
50 silly install resolved     _nodeVersion: '6.8.1',
50 silly install resolved     _npmUser: { name: 'sboudrias', email: 'admin@simonboudrias.com' },
50 silly install resolved     dist:
50 silly install resolved      { shasum: 'b7b43a6fc7552aa06cd85aed848a601f94ef5a65',
50 silly install resolved        tarball: 'https://registry.npmjs.org/generator-node/-/generator-node-1.12.1.tgz' },
50 silly install resolved     maintainers:
50 silly install resolved      [ [Object],
50 silly install resolved        [Object],
50 silly install resolved        [Object],
50 silly install resolved        [Object],
50 silly install resolved        [Object],
50 silly install resolved        [Object],
50 silly install resolved        [Object],
50 silly install resolved        [Object] ],
50 silly install resolved     _npmOperationalInternal:
50 silly install resolved      { host: 'packages-12-west.internal.npmjs.com',
50 silly install resolved        tmp: 'tmp/generator-node-1.12.1.tgz_1476811299019_0.5892459049355239' },
50 silly install resolved     directories: {},
50 silly install resolved     _resolved: 'https://registry.npmjs.org/generator-node/-/generator-node-1.12.1.tgz' } ]
51 info install generator-node@1.12.1 into /usr/lib
52 info installOne generator-node@1.12.1
53 verbose installOne of generator-node to /usr/lib not in flight; installing
54 verbose correctMkdir /home/pedro/.npm/_locks correctMkdir not in flight; initializing
55 verbose lock using /home/pedro/.npm/_locks/generator-node-380ca1ffc434805c.lock for /usr/lib/node_modules/generator-node
56 silly install write writing generator-node 1.12.1 to /usr/lib/node_modules/generator-node
57 verbose unbuild lib/node_modules/generator-node
58 silly gentlyRm /usr/lib/node_modules/generator-node is being purged from base /usr
59 verbose gentlyRm don't care about contents; nuking /usr/lib/node_modules/generator-node
60 verbose tar unpack /home/pedro/.npm/generator-node/1.12.1/package.tgz
61 verbose tar unpacking to /usr/lib/node_modules/generator-node
62 silly gentlyRm /usr/lib/node_modules/generator-node is being purged
63 verbose gentlyRm don't care about contents; nuking /usr/lib/node_modules/generator-node
64 silly gunzTarPerm modes [ '775', '664' ]
65 error tar.unpack untar error /home/pedro/.npm/generator-node/1.12.1/package.tgz
66 verbose unlock done using /home/pedro/.npm/_locks/generator-node-380ca1ffc434805c.lock for /usr/lib/node_modules/generator-node
67 verbose fstream_path /usr/lib/node_modules/generator-node
68 verbose fstream_type Directory
69 verbose fstream_class DirWriter
70 verbose stack Error: EACCES: permission denied, mkdir '/usr/lib/node_modules/generator-node'
70 verbose stack     at Error (native)
71 verbose fstream_stack /usr/lib/node_modules/npm/node_modules/fstream/lib/dir-writer.js:35:25
71 verbose fstream_stack /usr/lib/node_modules/npm/node_modules/mkdirp/index.js:47:53
71 verbose fstream_stack FSReqWrap.oncomplete (fs.js:82:15)
72 verbose cwd /home/pedro/Documentos/workspace/outros_projetos/retro-board
73 error Linux 4.2.0-35-generic
74 error argv "/usr/bin/nodejs" "/usr/bin/npm" "install" "--global" "generator-node"
75 error node v4.4.6
76 error npm  v2.15.5
77 error path /usr/lib/node_modules/generator-node
78 error code EACCES
79 error errno -13
80 error syscall mkdir
81 error Error: EACCES: permission denied, mkdir '/usr/lib/node_modules/generator-node'
81 error     at Error (native)
81 error  { [Error: EACCES: permission denied, mkdir '/usr/lib/node_modules/generator-node']
81 error   errno: -13,
81 error   code: 'EACCES',
81 error   syscall: 'mkdir',
81 error   path: '/usr/lib/node_modules/generator-node',
81 error   fstream_type: 'Directory',
81 error   fstream_path: '/usr/lib/node_modules/generator-node',
81 error   fstream_class: 'DirWriter',
81 error   fstream_stack:
81 error    [ '/usr/lib/node_modules/npm/node_modules/fstream/lib/dir-writer.js:35:25',
81 error      '/usr/lib/node_modules/npm/node_modules/mkdirp/index.js:47:53',
81 error      'FSReqWrap.oncomplete (fs.js:82:15)' ] }
82 error Please try running this command again as root/Administrator.
83 verbose exit [ -13, true ]
84 verbose unbuild lib/node_modules/generator-node
85 silly gentlyRm /usr/lib/node_modules/generator-node is being purged from base /usr
86 verbose gentlyRm don't care about contents; nuking /usr/lib/node_modules/generator-node
